
Timing of plaq_dble()
--------------------------

48x24x24x24 lattice, 12x12x12x12 local lattice, 12x12x12x12 thread-local lattice
4x2x2x2 MPI process grid, 1x1x1x1 process block size
1 OpenMP thread

The local size of the gauge field is 5 MB
The local size of a quark field is 1 MB
Using AVX and FMA3 instructions
Assuming SSE prefetch instructions fetch 64 bytes

Lattice parameters:
isw = 0, csw = 1.978

Open boundary conditions
cF = 0.9012
theta = 0.35,-1.25,0.78

Time call to plaq_sum_dble:
15863.049154 micro sec

Time per plaq:
0.765000 micro sec

Number of iterations:
n_iter = 336

Number of flop/s:
611.764353 Mega flop/s

