
Timing of plaq_dble()
--------------------------

48x24x24x24 lattice, 48x24x24x24 local lattice, 12x12x12x12 thread-local lattice
1x1x1x1 MPI process grid, 1x1x1x1 process block size
32 OpenMP threads

The local size of the gauge field is 182 MB
The local size of a quark field is 60 MB
Using AVX and FMA3 instructions
Assuming SSE prefetch instructions fetch 64 bytes

Lattice parameters:
isw = 0, csw = 1.978

Open boundary conditions
cF = 0.9012
theta = 0.35,-1.25,0.78

Time call to plaq_sum_dble:
10937.501366 micro sec

Time per plaq:
0.527464 micro sec

Number of iterations:
720 n_iter = 

Number of flop/s:
887.263706 Mega flop/s

