
Timing of plaq_dble()
--------------------------

64x32x32x32 lattice, 64x32x32x32 local lattice, 16x16x16x16 thread-local lattice
1x1x1x1 MPI process grid, 1x1x1x1 process block size
32 OpenMP threads

The local size of the gauge field is 576 MB
The local size of a quark field is 192 MB
Using AVX and FMA3 instructions
Assuming SSE prefetch instructions fetch 64 bytes

Lattice parameters:
isw = 0, csw = 1.978

Open boundary conditions
cF = 0.9012
theta = 0.35,-1.25,0.78

Time call to plaq_sum_dble:
35049.793124 micro sec

Time per plaq:
0.534817 micro sec

Number of iterations:
225 n_iter = 

Number of flop/s:
875.065022 Mega flop/s

