
Timing of plaq_dble()
--------------------------

24x12x12x12 lattice, 24x12x12x12 local lattice, 6x6x6x6 thread-local lattice
1x1x1x1 MPI process grid, 1x1x1x1 process block size
32 OpenMP threads

The local size of the gauge field is 11 MB
The local size of a quark field is 3 MB
Using AVX and FMA3 instructions
Assuming SSE prefetch instructions fetch 64 bytes

Lattice parameters:
isw = 0, csw = 1.978

Open boundary conditions
cF = 0.9012
theta = 0.35,-1.25,0.78

Time call to plaq_sum_dble:
727.905296 micro sec

Time per plaq:
0.561655 micro sec

Number of iterations:
11565 n_iter = Number of flop/s:
833.251253 Mega flop/s

