
Timing of plaq_dble()
--------------------------

24x12x12x12 lattice, 6x6x6x6 local lattice, 6x6x6x6 thread-local lattice
4x2x2x2 MPI process grid, 1x1x1x1 process block size
1 OpenMP thread

The local size of the gauge field is 364 KB
The local size of a quark field is 121 KB
Using AVX and FMA3 instructions
Assuming SSE prefetch instructions fetch 64 bytes

Lattice parameters:
isw = 0, csw = 1.978

Open boundary conditions
cF = 0.9012
theta = 0.35,-1.25,0.78

Time call to plaq_sum_dble:
502.909146 micro sec

Time per plaq:
0.388047 micro sec

Number of iterations:
n_iter = 11565

Number of flop/s:
1206.038914 Mega flop/s

