
Timing of plaq_dble()
--------------------------

192x96x96x96 lattice, 48x48x48x48 local lattice, 48x48x48x48 thread-local lattice
4x2x2x2 MPI process grid, 1x1x1x1 process block size
1 OpenMP thread

The local size of the gauge field is 1458 MB
The local size of a quark field is 486 MB
Using AVX and FMA3 instructions
Assuming SSE prefetch instructions fetch 64 bytes

Lattice parameters:
isw = 0, csw = 1.978

Open boundary conditions
cF = 0.9012
theta = 0.35,-1.25,0.78

Time call to plaq_sum_dble:
2096816.301346 micro sec

Time per plaq:
0.394998 micro sec

Number of iterations:
n_iter = 2

Number of flop/s:
-863.513226 Mega flop/s

