
Timing of plaq_dble()
--------------------------

96x48x48x48 lattice, 24x24x24x24 local lattice, 24x24x24x24 thread-local lattice
4x2x2x2 MPI process grid, 1x1x1x1 process block size
1 OpenMP thread

The local size of the gauge field is 91 MB
The local size of a quark field is 30 MB
Using AVX and FMA3 instructions
Assuming SSE prefetch instructions fetch 64 bytes

Lattice parameters:
isw = 0, csw = 1.978

Open boundary conditions
cF = 0.9012
theta = 0.35,-1.25,0.78

Time call to plaq_sum_dble:
168644.706408 micro sec

Time per plaq:
0.508309 micro sec

Number of iterations:
n_iter = 45

Number of flop/s:
920.699922 Mega flop/s

