
Timing of plaq_dble()
--------------------------

32x16x16x16 lattice, 8x8x8x8 local lattice, 8x8x8x8 thread-local lattice
4x2x2x2 MPI process grid, 1x1x1x1 process block size
1 OpenMP thread

The local size of the gauge field is 1152 KB
The local size of a quark field is 384 KB
Using AVX and FMA3 instructions
Assuming SSE prefetch instructions fetch 64 bytes

Lattice parameters:
isw = 0, csw = 1.978

Open boundary conditions
cF = 0.9012
theta = 0.35,-1.25,0.78

Time call to plaq_sum_dble:
1928.136669 micro sec

Time per plaq:
0.470736 micro sec

Number of iterations:
n_iter = 3660

Number of flop/s:
994.186787 Mega flop/s

