
Timing of plaq_dble()
--------------------------

64x32x32x32 lattice, 16x16x16x16 local lattice, 16x16x16x16 thread-local lattice
4x2x2x2 MPI process grid, 1x1x1x1 process block size
1 OpenMP thread

The local size of the gauge field is 18 MB
The local size of a quark field is 6 MB
Using AVX and FMA3 instructions
Assuming SSE prefetch instructions fetch 64 bytes

Lattice parameters:
isw = 0, csw = 1.978

Open boundary conditions
cF = 0.9012
theta = 0.35,-1.25,0.78

Time call to plaq_sum_dble:
38417.538007 micro sec

Time per plaq:
0.586205 micro sec

Number of iterations:
n_iter = 225

Number of flop/s:
798.355376 Mega flop/s

